 
****************************************
Report : resources
Design : dividerblock
Version: S-2021.06-SP5-5
Date   : Tue Aug 27 23:16:45 2024
****************************************


No resource sharing information to report.

No implementations to report

No resource sharing information to report.
 
****************************************
Design : CLKDivider_Div80alt_1
****************************************

No implementations to report

No resource sharing information to report.
 
****************************************
Design : CLKDivider_Div12_1
****************************************

No implementations to report

No resource sharing information to report.
 
****************************************
Design : CLKDivider_Div9alt_1
****************************************

No implementations to report
1
