 
****************************************
Report : resources
Design : dividerblock
Version: S-2021.06-SP5-5
Date   : Wed Aug 28 20:38:18 2024
****************************************


No resource sharing information to report.

No implementations to report

No resource sharing information to report.
 
****************************************
Design : CLKDivider_Div80alt_1
****************************************

No implementations to report

No resource sharing information to report.
 
****************************************
Design : CLKDivider_Div12_1
****************************************

No implementations to report

No resource sharing information to report.
 
****************************************
Design : CLKDivider_Div9_1
****************************************

No implementations to report
1
